{
  "stats": {
    "suites": 1,
    "tests": 1,
    "passes": 0,
    "pending": 0,
    "failures": 1,
    "start": "2025-07-14T16:24:13.030Z",
    "end": "2025-07-14T16:24:23.542Z",
    "duration": 10512,
    "testsRegistered": 1,
    "passPercent": 0,
    "pendingPercent": 0,
    "other": 0,
    "hasOther": false,
    "skipped": 0,
    "hasSkipped": false
  },
  "results": [
    {
      "uuid": "833cd6e4-9e7f-4753-aadd-1efb4bc0bd66",
      "title": "",
      "fullFile": "cypress\\e2e\\StockAdj.cy.js",
      "file": "cypress\\e2e\\StockAdj.cy.js",
      "beforeHooks": [],
      "afterHooks": [],
      "tests": [],
      "suites": [
        {
          "uuid": "1a053151-7b9d-4d84-b219-c910bd5a91e6",
          "title": "Stock Adjustment - Positive Test Case",
          "fullFile": "",
          "file": "",
          "beforeHooks": [],
          "afterHooks": [],
          "tests": [
            {
              "title": " Increase stock for a single product by a valid number",
              "fullTitle": "Stock Adjustment - Positive Test Case  Increase stock for a single product by a valid number",
              "timedOut": null,
              "duration": 10374,
              "state": "failed",
              "speed": null,
              "pass": false,
              "fail": true,
              "pending": false,
              "context": null,
              "code": "cy.visit(\"/\"); // Uses baseUrl from config\ncy.contains('Hi');\ncy.get('div > .sc-dGCmGc');\n//Enter a Valid Email\ncy.get('.leKEhR > .sc-gdyeKB > .sc-ecPEgm').type('key@mailinator.com', {\n  delay: 200\n});\n//Enter a Valid Password\ncy.get('.iSACPt > .sc-gdyeKB > .sc-ecPEgm').type('123', {\n  delay: 200\n});\n//Forgot Paswword? Recover\n//  cy.get('.bBmdoj') \n//  cy.get('.bBmdoj > .sc-gEvEer').click()\n//  cy.get('.sc-dGCmGc > .sc-gEvEer')\n//  cy.get('.sc-dGCmGc > .sc-bkSUFG')\n//  cy.get('[for=\"email\"]')\n//  cy.get('.sc-eyvILC').type('kutigi@mailinator.com' , { delay:200 } )\n//  cy.get('.sc-kYxDKI').click()\n//  cy.get('.sc-fXSgeo').click()\n//Login Button\ncy.get('.sc-kAyceB').click();\ncy.wait(3000);\n// Enter MAZDA Shop\ncy.get(':nth-child(9) > [style=\"display: flex; justify-content: space-between; width: 90%;\"] > .bLOynP > p').click();\n//Enter Stock Adjustment\ncy.get(':nth-child(4) > .kaPnLv > .dOaKbF > svg');",
              "err": {
                "message": "AssertionError: Timed out retrying after 4000ms: Expected to find element: `div > .sc-dGCmGc`, but never found it.",
                "estack": "AssertionError: Timed out retrying after 4000ms: Expected to find element: `div > .sc-dGCmGc`, but never found it.\n    at Context.eval (webpack://timart-cypress/./cypress/e2e/StockAdj.cy.js:6:11)",
                "diff": null
              },
              "uuid": "df5d4664-7485-4b75-9d52-f09e3548d6f0",
              "parentUUID": "1a053151-7b9d-4d84-b219-c910bd5a91e6",
              "isHook": false,
              "skipped": false
            }
          ],
          "suites": [],
          "passes": [],
          "failures": [
            "df5d4664-7485-4b75-9d52-f09e3548d6f0"
          ],
          "pending": [],
          "skipped": [],
          "duration": 10374,
          "root": false,
          "rootEmpty": false,
          "_timeout": 2000
        }
      ],
      "passes": [],
      "failures": [],
      "pending": [],
      "skipped": [],
      "duration": 0,
      "root": true,
      "rootEmpty": true,
      "_timeout": 2000
    }
  ],
  "meta": {
    "mocha": {
      "version": "7.0.1"
    },
    "mochawesome": {
      "options": {
        "quiet": false,
        "reportFilename": "mochawesome",
        "saveHtml": true,
        "saveJson": true,
        "consoleReporter": "spec",
        "useInlineDiffs": false,
        "code": true
      },
      "version": "7.1.3"
    },
    "marge": {
      "options": {
        "reportDir": "cypress/reports",
        "overwrite": true,
        "html": true,
        "json": true
      },
      "version": "6.2.0"
    }
  }
}